#
# There is insufficient memory for the Java Runtime Environment to continue.
# Native memory allocation (mmap) failed to map 130023424 bytes for G1 virtual space
# Possible reasons:
#   The system is out of physical RAM or swap space
#   The process is running with CompressedOops enabled, and the Java Heap may be blocking the growth of the native heap
# Possible solutions:
#   Reduce memory load on the system
#   Increase physical memory or swap space
#   Check if swap backing store is full
#   Decrease Java heap size (-Xmx/-Xms)
#   Decrease number of Java threads
#   Decrease Java thread stack sizes (-Xss)
#   Set larger code cache with -XX:ReservedCodeCacheSize=
#   JVM is running with Unscaled Compressed Oops mode in which the Java heap is
#     placed in the first 4GB address space. The Java Heap base address is the
#     maximum limit for the native heap growth. Please use -XX:HeapBaseMinAddress
#     to set the Java Heap base and to place the Java Heap above 4GB virtual address.
# This output file may be truncated or incomplete.
#
#  Out of Memory Error (os_windows.cpp:3600), pid=1980, tid=7028
#
# JRE version:  (21.0.1+12) (build )
# Java VM: Java HotSpot(TM) 64-Bit Server VM (21.0.1+12-LTS-29, mixed mode, emulated-client, sharing, tiered, compressed oops, compressed class ptrs, g1 gc, windows-amd64)
# No core dump will be written. Minidumps are not enabled by default on client versions of Windows
#

---------------  S U M M A R Y ------------

Command Line: -Dcom.sun.management.jmxremote -Dcom.sun.management.jmxremote.port=58365 -Dcom.sun.management.jmxremote.authenticate=false -Dcom.sun.management.jmxremote.ssl=false -Djava.rmi.server.hostname=localhost -Dspring.jmx.enabled=true -Dmanagement.endpoints.jmx.exposure.include=* -Dspring.application.admin.enabled=true -XX:TieredStopAtLevel=1 -Dspring.boot.project.name=BiddingApp -Dfile.encoding=UTF-8 -Dstdout.encoding=UTF-8 -Dstderr.encoding=UTF-8 -XX:+ShowCodeDetailsInExceptionMessages com.shraddha.bidding.BiddingAppApplication --spring.output.ansi.enabled=always

Host: Intel(R) Celeron(R) J4125 CPU @ 2.00GHz, 4 cores, 7G,  Windows 10 , 64 bit Build 17763 (10.0.17763.2028)
Time: Wed Nov 29 14:41:52 2023 India Standard Time elapsed time: 0.108815 seconds (0d 0h 0m 0s)

---------------  T H R E A D  ---------------

Current thread (0x000001eb12d44950):  JavaThread "Unknown thread" [_thread_in_vm, id=7028, stack(0x0000004c15700000,0x0000004c15800000) (1024K)]

Stack: [0x0000004c15700000,0x0000004c15800000]
Native frames: (J=compiled Java code, j=interpreted, Vv=VM code, C=native code)
V  [jvm.dll+0x6c9029]
V  [jvm.dll+0x854b81]
V  [jvm.dll+0x856e5e]
V  [jvm.dll+0x857543]
V  [jvm.dll+0x280c06]
V  [jvm.dll+0x6c5715]
V  [jvm.dll+0x6ba10a]
V  [jvm.dll+0x3557ea]
V  [jvm.dll+0x35d436]
V  [jvm.dll+0x3ae1be]
V  [jvm.dll+0x3ae468]
V  [jvm.dll+0x3291fc]
V  [jvm.dll+0x329d8b]
V  [jvm.dll+0x81d179]
V  [jvm.dll+0x3bb4f1]
V  [jvm.dll+0x805ae8]
V  [jvm.dll+0x44effe]
V  [jvm.dll+0x450901]
C  [jli.dll+0x52a3]
C  [ucrtbase.dll+0x2268a]
C  [KERNEL32.DLL+0x17974]
C  [ntdll.dll+0x5a2f1]


---------------  P R O C E S S  ---------------

Threads class SMR info:
_java_thread_list=0x00007fffe02a9b88, length=0, elements={
}

Java Threads: ( => current thread )
Total: 0

Other Threads:
  0x000001eb14eef930 WorkerThread "GC Thread#0"                     [id=9720, stack(0x0000004c15800000,0x0000004c15900000) (1024K)]
  0x000001eb14f01ce0 ConcurrentGCThread "G1 Main Marker"            [id=9568, stack(0x0000004c15900000,0x0000004c15a00000) (1024K)]
  0x000001eb14f026f0 WorkerThread "G1 Conc#0"                       [id=3592, stack(0x0000004c15a00000,0x0000004c15b00000) (1024K)]

[error occurred during error reporting (printing all threads), id 0xc0000005, EXCEPTION_ACCESS_VIOLATION (0xc0000005) at pc=0x00007fffdfa1c2c7]
VM state: not at safepoint (not fully initialized)

VM Mutex/Monitor currently owned by a thread:  ([mutex/lock_event])
[0x00007fffe031a6f8] Heap_lock - owner thread: 0x000001eb12d44950

Heap address: 0x0000000084600000, size: 1978 MB, Compressed Oops mode: 32-bit

CDS archive(s) mapped at: [0x0000000000000000-0x0000000000000000-0x0000000000000000), size 0, SharedBaseAddress: 0x0000000800000000, ArchiveRelocationMode: 1.
Narrow klass base: 0x0000000000000000, Narrow klass shift: 0, Narrow klass range: 0x0

GC Precious Log:
 CardTable entry size: 512
 Card Set container configuration: InlinePtr #cards 5 size 8 Array Of Cards #cards 12 size 40 Howl #buckets 4 coarsen threshold 1843 Howl Bitmap #cards 512 size 80 coarsen threshold 460 Card regions per heap region 1 cards per card region 2048

Heap:
 garbage-first heap   total 0K, used 0K [0x0000000084600000, 0x0000000100000000)
  region size 1024K, 0 young (0K), 0 survivors (0K)

[error occurred during error reporting (printing heap information), id 0xc0000005, EXCEPTION_ACCESS_VIOLATION (0xc0000005) at pc=0x00007fffdfe01be9]
GC Heap History (0 events):
No events

Dll operation events (1 events):
Event: 0.057 Loaded shared library C:\Program Files\Java\jdk-21\bin\java.dll

Deoptimization events (0 events):
No events

Classes loaded (0 events):
No events

Classes unloaded (0 events):
No events

Classes redefined (0 events):
No events

Internal exceptions (0 events):
No events

ZGC Phase Switch (0 events):
No events

VM Operations (0 events):
No events

Events (0 events):
No events


Dynamic libraries:
0x00007ff682140000 - 0x00007ff682150000 	C:\Program Files\Java\jdk-21\bin\javaw.exe
0x00007ff821520000 - 0x00007ff82170d000 	C:\Windows\SYSTEM32\ntdll.dll
0x00007ff81f970000 - 0x00007ff81fa23000 	C:\Windows\System32\KERNEL32.DLL
0x00007ff81dd70000 - 0x00007ff81e005000 	C:\Windows\System32\KERNELBASE.dll
0x00007ff81e390000 - 0x00007ff81e48a000 	C:\Windows\System32\ucrtbase.dll
0x00007ff80ed20000 - 0x00007ff80ed39000 	C:\Program Files\Java\jdk-21\bin\jli.dll
0x00007ff81f7c0000 - 0x00007ff81f864000 	C:\Windows\System32\ADVAPI32.dll
0x00007ff821160000 - 0x00007ff8211fe000 	C:\Windows\System32\msvcrt.dll
0x00007ff81f870000 - 0x00007ff81f90e000 	C:\Windows\System32\sechost.dll
0x00007ff81ee20000 - 0x00007ff81ef3f000 	C:\Windows\System32\RPCRT4.dll
0x00007ff81e880000 - 0x00007ff81ea18000 	C:\Windows\System32\USER32.dll
0x00007ff81e290000 - 0x00007ff81e2b0000 	C:\Windows\System32\win32u.dll
0x00007ff81ec60000 - 0x00007ff81ec89000 	C:\Windows\System32\GDI32.dll
0x00007ff81e530000 - 0x00007ff81e6cc000 	C:\Windows\System32\gdi32full.dll
0x00007ff81e490000 - 0x00007ff81e530000 	C:\Windows\System32\msvcp_win.dll
0x00007ff8044b0000 - 0x00007ff8044cb000 	C:\Program Files\Java\jdk-21\bin\VCRUNTIME140.dll
0x00007ff80dcf0000 - 0x00007ff80df69000 	C:\Windows\WinSxS\amd64_microsoft.windows.common-controls_6595b64144ccf1df_6.0.17763.2061_none_de73cf545348ec45\COMCTL32.dll
0x00007ff81f490000 - 0x00007ff81f7bd000 	C:\Windows\System32\combase.dll
0x00007ff81e010000 - 0x00007ff81e092000 	C:\Windows\System32\bcryptPrimitives.dll
0x00007ff818a40000 - 0x00007ff818a4a000 	C:\Windows\SYSTEM32\VERSION.dll
0x00007ff81fc20000 - 0x00007ff81fc4e000 	C:\Windows\System32\IMM32.DLL
0x00007ff810450000 - 0x00007ff81045c000 	C:\Program Files\Java\jdk-21\bin\vcruntime140_1.dll
0x00007ffff9e60000 - 0x00007ffff9eee000 	C:\Program Files\Java\jdk-21\bin\msvcp140.dll
0x00007fffdf6e0000 - 0x00007fffe03f5000 	C:\Program Files\Java\jdk-21\bin\server\jvm.dll
0x00007ff81d540000 - 0x00007ff81d59d000 	C:\Windows\System32\POWRPROF.dll
0x00007ff81ef40000 - 0x00007ff81efad000 	C:\Windows\System32\WS2_32.dll
0x00007ff81b720000 - 0x00007ff81b744000 	C:\Windows\SYSTEM32\WINMM.dll
0x00007ff81b6f0000 - 0x00007ff81b71d000 	C:\Windows\SYSTEM32\WINMMBASE.dll
0x00007ff81dd20000 - 0x00007ff81dd6a000 	C:\Windows\System32\cfgmgr32.dll
0x00007ff81d520000 - 0x00007ff81d531000 	C:\Windows\System32\kernel.appcore.dll
0x00007ff80f020000 - 0x00007ff80f02a000 	C:\Program Files\Java\jdk-21\bin\jimage.dll
0x00007ff80c190000 - 0x00007ff80c37d000 	C:\Windows\SYSTEM32\DBGHELP.DLL
0x00007ff80bee0000 - 0x00007ff80bf0a000 	C:\Windows\SYSTEM32\dbgcore.DLL
0x00007ff804490000 - 0x00007ff8044af000 	C:\Program Files\Java\jdk-21\bin\java.dll

dbghelp: loaded successfully - version: 4.0.5 - missing functions: none
symbol engine: initialized successfully - sym options: 0x614 - pdb path: .;C:\Program Files\Java\jdk-21\bin;C:\Windows\SYSTEM32;C:\Windows\WinSxS\amd64_microsoft.windows.common-controls_6595b64144ccf1df_6.0.17763.2061_none_de73cf545348ec45;C:\Program Files\Java\jdk-21\bin\server

VM Arguments:
jvm_args: -Dcom.sun.management.jmxremote -Dcom.sun.management.jmxremote.port=58365 -Dcom.sun.management.jmxremote.authenticate=false -Dcom.sun.management.jmxremote.ssl=false -Djava.rmi.server.hostname=localhost -Dspring.jmx.enabled=true -Dmanagement.endpoints.jmx.exposure.include=* -Dspring.application.admin.enabled=true -XX:TieredStopAtLevel=1 -Dspring.boot.project.name=BiddingApp -Dfile.encoding=UTF-8 -Dstdout.encoding=UTF-8 -Dstderr.encoding=UTF-8 -XX:+ShowCodeDetailsInExceptionMessages 
java_command: com.shraddha.bidding.BiddingAppApplication --spring.output.ansi.enabled=always
java_class_path (initial): C:\Users\ratan_l.SACISRO\Documents\Git Spring Projects\BiddingApp\target\classes;C:\Users\ratan_l.SACISRO\.m2\repository\org\springframework\boot\spring-boot-starter-data-mongodb\3.1.5\spring-boot-starter-data-mongodb-3.1.5.jar;C:\Users\ratan_l.SACISRO\.m2\repository\org\springframework\boot\spring-boot-starter\3.1.5\spring-boot-starter-3.1.5.jar;C:\Users\ratan_l.SACISRO\.m2\repository\org\springframework\boot\spring-boot-starter-logging\3.1.5\spring-boot-starter-logging-3.1.5.jar;C:\Users\ratan_l.SACISRO\.m2\repository\ch\qos\logback\logback-classic\1.4.11\logback-classic-1.4.11.jar;C:\Users\ratan_l.SACISRO\.m2\repository\ch\qos\logback\logback-core\1.4.11\logback-core-1.4.11.jar;C:\Users\ratan_l.SACISRO\.m2\repository\org\apache\logging\log4j\log4j-to-slf4j\2.20.0\log4j-to-slf4j-2.20.0.jar;C:\Users\ratan_l.SACISRO\.m2\repository\org\apache\logging\log4j\log4j-api\2.20.0\log4j-api-2.20.0.jar;C:\Users\ratan_l.SACISRO\.m2\repository\org\slf4j\jul-to-slf4j\2.0.9\jul-to-slf4j-2.0.9.jar;C:\Users\ratan_l.SACISRO\.m2\repository\jakarta\annotation\jakarta.annotation-api\2.1.1\jakarta.annotation-api-2.1.1.jar;C:\Users\ratan_l.SACISRO\.m2\repository\org\yaml\snakeyaml\1.33\snakeyaml-1.33.jar;C:\Users\ratan_l.SACISRO\.m2\repository\org\mongodb\mongodb-driver-sync\4.9.1\mongodb-driver-sync-4.9.1.jar;C:\Users\ratan_l.SACISRO\.m2\repository\org\mongodb\bson\4.9.1\bson-4.9.1.jar;C:\Users\ratan_l.SACISRO\.m2\repository\org\mongodb\mongodb-driver-core\4.9.1\mongodb-driver-core-4.9.1.jar;C:\Users\ratan_l.SACISRO\.m2\repository\org\mongodb\bson-record-codec\4.9.1\bson-record-codec-4.9.1.jar;C:\Users\ratan_l.SACISRO\.m2\repository\org\springframework\data\spring-data-mongodb\4.1.5\spring-data-mongodb-4.1.5.jar;C:\Users\ratan_l.SACISRO\.m2\repository\org\springframework\spring-tx\6.0.13\spring-tx-6.0.13.jar;C:\Users\ratan_l.SACISRO\.m2\repository\org\springframework\spring-context\6.0.13\spring-context-6.0.13.jar;C:\Users\ratan_l.SACISRO\.m2\repository\org\springframework\spring-beans\6.0.13\spring-beans-6.0.13.jar;C:\Users\ratan_l.SACISRO\.m2\repository\org\springframework\spring-expression\6.0.13\spring-expression-6.0.13.jar;C:\Users\ratan_l.SACISRO\.m2\repository\org\springframework\data\spring-data-commons\3.1.5\spring-data-commons-3.1.5.jar;C:\Users\ratan_l.SACISRO\.m2\repository\org\slf4j\slf4j-api\2.0.9\slf4j-api-2.0.9.jar;C:\Users\ratan_l.SACISRO\.m2\repository\org\springframework\boot\spring-boot-starter-thymeleaf\3.1.5\spring-boot-starter-thymeleaf-3.1.5.jar;C:\Users\ratan_l.SACISRO\.m2\repository\org\thymeleaf\thymeleaf-spring6\3.1.2.RELEASE\thymeleaf-spring6-3.1.2.RELEASE.jar;C:\Users\ratan_l.SACISRO\.m2\repository\org\thymeleaf\thymeleaf\3.1.2.RELEASE\thymeleaf-3.1.2.RELEASE.jar;C:\Users\ratan_l.SACISRO\.m2\repository\org\attoparser\attoparser\2.0.7.RELEASE\attoparser-2.0.7.RELEASE.jar;C:\Users\ratan_l.SACISRO\.m2\repository\org\unbescape\unbescape\1.1.6.RELEASE\unbescape-1.1.6.RELEASE.jar;C:\Users\ratan_l.SACISRO\.m2\repository\org\springframework\boot\spring-boot-starter-web\3.1.5\spring-boot-starter-web-3.1.5.jar;C:\Users\ratan_l.SACISRO\.m2\repository\org\springframework\boot\spring-boot-starter-json\3.1.5\spring-boot-starter-json-3.1.5.jar;C:\Users\ratan_l.SACISRO\.m2\repository\com\fasterxml\jackson\core\jackson-databind\2.15.3\jackson-databind-2.15.3.jar;C:\Users\ratan_l.SACISRO\.m2\repository\com\fasterxml\jackson\core\jackson-annotations\2.15.3\jackson-annotations-2.15.3.jar;C:\Users\ratan_l.SACISRO\.m2\repository\com\fasterxml\jackson\core\jackson-core\2.15.3\jackson-core-2.15.3.jar;C:\Users\ratan_l.SACISRO\.m2\repository\com\fasterxml\jackson\datatype\jackson-datatype-jdk8\2.15.3\jackson-datatype-jdk8-2.15.3.jar;C:\Users\ratan_l.SACISRO\.m2\repository\com\fasterxml\jackson\datatype\jackson-datatype-jsr310\2.15.3\jackson-datatype-jsr310-2.15.3.jar;C:\Users\ratan_l.SACISRO\.m2\repository\com\fasterxml\jackson\module\jackson-module-parameter-names\2.15.3\jackson-module-parameter-names-2.15.3.jar;C:\Users\ratan_l.SACISRO\.m2\repository\org\springframework\boot\spring-boot-starter-tomcat\3.1.5\spring-boot-starter-tomcat-3.1.5.jar;C:\Users\ratan_l.SACISRO\.m2\repository\org\apache\tomcat\embed\tomcat-embed-core\10.1.15\tomcat-embed-core-10.1.15.jar;C:\Users\ratan_l.SACISRO\.m2\repository\org\apache\tomcat\embed\tomcat-embed-websocket\10.1.15\tomcat-embed-websocket-10.1.15.jar;C:\Users\ratan_l.SACISRO\.m2\repository\org\springframework\spring-web\6.0.13\spring-web-6.0.13.jar;C:\Users\ratan_l.SACISRO\.m2\repository\io\micrometer\micrometer-observation\1.11.5\micrometer-observation-1.11.5.jar;C:\Users\ratan_l.SACISRO\.m2\repository\io\micrometer\micrometer-commons\1.11.5\micrometer-commons-1.11.5.jar;C:\Users\ratan_l.SACISRO\.m2\repository\org\springframework\spring-webmvc\6.0.13\spring-webmvc-6.0.13.jar;C:\Users\ratan_l.SACISRO\.m2\repository\org\springframework\spring-aop\6.0.13\spring-aop-6.0.13.jar;C:\Users\ratan_l.SACISRO\.m2\repository\org\springframework\boot\spring-boot-devtools\3.1.5\spring-boot-devtools-3.1.5.jar;C:\Users\ratan_l.SACISRO\.m2\repository\org\springframework\boot\spring-boot\3.1.5\spring-boot-3.1.5.jar;C:\Users\ratan_l.SACISRO\.m2\repository\org\springframework\boot\spring-boot-autoconfigure\3.1.5\spring-boot-autoconfigure-3.1.5.jar;C:\Users\ratan_l.SACISRO\.m2\repository\org\projectlombok\lombok\1.18.30\lombok-1.18.30.jar;C:\Users\ratan_l.SACISRO\.m2\repository\org\springframework\spring-core\6.0.13\spring-core-6.0.13.jar;C:\Users\ratan_l.SACISRO\.m2\repository\org\springframework\spring-jcl\6.0.13\spring-jcl-6.0.13.jar;C:\Users\ratan_l.SACISRO\.m2\repository\org\springframework\boot\spring-boot-starter-validation\3.1.5\spring-boot-starter-validation-3.1.5.jar;C:\Users\ratan_l.SACISRO\.m2\repository\org\apache\tomcat\embed\tomcat-embed-el\10.1.15\tomcat-embed-el-10.1.15.jar;C:\Users\ratan_l.SACISRO\.m2\repository\org\hibernate\validator\hibernate-validator\8.0.1.Final\hibernate-validator-8.0.1.Final.jar;C:\Users\ratan_l.SACISRO\.m2\repository\jakarta\validation\jakarta.validation-api\3.0.2\jakarta.validation-api-3.0.2.jar;C:\Users\ratan_l.SACISRO\.m2\repository\org\jboss\logging\jboss-logging\3.5.3.Final\jboss-logging-3.5.3.Final.jar;C:\Users\ratan_l.SACISRO\.m2\repository\com\fasterxml\classmate\1.5.1\classmate-1.5.1.jar
Launcher Type: SUN_STANDARD

[Global flags]
     intx CICompilerCount                          = 3                                         {product} {ergonomic}
     uint ConcGCThreads                            = 1                                         {product} {ergonomic}
     uint G1ConcRefinementThreads                  = 4                                         {product} {ergonomic}
   size_t G1HeapRegionSize                         = 1048576                                   {product} {ergonomic}
    uintx GCDrainStackTargetSize                   = 64                                        {product} {ergonomic}
   size_t InitialHeapSize                          = 130023424                                 {product} {ergonomic}
     bool ManagementServer                         = true                                      {product} {command line}
   size_t MarkStackSize                            = 4194304                                   {product} {ergonomic}
   size_t MaxHeapSize                              = 2074083328                                {product} {ergonomic}
   size_t MinHeapDeltaBytes                        = 1048576                                   {product} {ergonomic}
   size_t MinHeapSize                              = 8388608                                   {product} {ergonomic}
    uintx NonNMethodCodeHeapSize                   = 4096                                   {pd product} {ergonomic}
    uintx NonProfiledCodeHeapSize                  = 0                                      {pd product} {ergonomic}
     bool PerfDisableSharedMem                     = true                                      {product} {ergonomic}
     bool ProfileInterpreter                       = false                                  {pd product} {command line}
    uintx ProfiledCodeHeapSize                     = 0                                      {pd product} {ergonomic}
     bool ShowCodeDetailsInExceptionMessages       = true                                   {manageable} {command line}
   size_t SoftMaxHeapSize                          = 2074083328                             {manageable} {ergonomic}
     intx TieredStopAtLevel                        = 1                                         {product} {command line}
     bool UseCompressedOops                        = true                           {product lp64_product} {ergonomic}
     bool UseG1GC                                  = true                                      {product} {ergonomic}
     bool UseLargePagesIndividualAllocation        = false                                  {pd product} {ergonomic}

Logging:
Log output configuration:
 #0: stdout all=warning uptime,level,tags foldmultilines=false
 #1: stderr all=off uptime,level,tags foldmultilines=false

Environment Variables:
PATH=C:/Program Files/sts-4.20.0.RELEASE//plugins/org.eclipse.justj.openjdk.hotspot.jre.full.win32.x86_64_17.0.8.v20230831-1047/jre/bin/server;C:/Program Files/sts-4.20.0.RELEASE//plugins/org.eclipse.justj.openjdk.hotspot.jre.full.win32.x86_64_17.0.8.v20230831-1047/jre/bin;C:\Windows\system32;C:\Windows;C:\Windows\System32\Wbem;C:\Windows\System32\WindowsPowerShell\v1.0\;C:\Windows\System32\OpenSSH\;C:\Program Files (x86)\dotnet\;C:\Program Files\nodejs\;C:\Program Files\Java\jdk-11\bin;C:\Program Files\apache-maven-3.9.5\bin;C:\Users\ratan_l.SACISRO\AppData\Local\Microsoft\WindowsApps;C:\Users\ratan_l.SACISRO\AppData\Local\Programs\Microsoft VS Code\bin;C:\Users\ratan_l.SACISRO\AppData\Local\Programs\Git\cmd;C:\Program Files\sts-4.20.0.RELEASE;
USERNAME=ratan_l
OS=Windows_NT
PROCESSOR_IDENTIFIER=Intel64 Family 6 Model 122 Stepping 8, GenuineIntel
TMP=Z:\Temp
TEMP=Z:\Temp




Periodic native trim disabled

---------------  S Y S T E M  ---------------

OS:
 Windows 10 , 64 bit Build 17763 (10.0.17763.2028)
OS uptime: 0 days 5:18 hours

CPU: total 4 (initial active 4) (4 cores per cpu, 1 threads per core) family 6 model 122 stepping 8 microcode 0x22, cx8, cmov, fxsr, mmx, 3dnowpref, sse, sse2, sse3, ssse3, sse4.1, sse4.2, popcnt, tsc, tscinvbit, aes, erms, clmul, sha, clflush, clflushopt, rdtscp, rdpid
Processor Information for all 4 processors :
  Max Mhz: 2001, Current Mhz: 2001, Mhz Limit: 2001

Memory: 4k page, system-wide physical 7911M (528M free)
TotalPageFile size 7911M (AvailPageFile size 16M)
current process WorkingSet (physical memory assigned to process): 10M, peak: 10M
current process commit charge ("private bytes"): 47M, peak: 171M

vm_info: Java HotSpot(TM) 64-Bit Server VM (21.0.1+12-LTS-29) for windows-amd64 JRE (21.0.1+12-LTS-29), built on 2023-10-05T13:27:09Z by "mach5one" with MS VC++ 17.1 (VS2022)

END.
